<?xml version="1.0" encoding="UTF-8"?>
<testsuite xmlns:xsi="http://www.w3.org/2001/XMLSchema-instance" xsi:noNamespaceSchemaLocation="https://maven.apache.org/surefire/maven-surefire-plugin/xsd/surefire-test-report-3.0.xsd" version="3.0" name="com.starburstdata.udfs.encrypt.TestEncrypt" time="3.082" tests="1" errors="0" skipped="0" failures="0">
  <properties>
[...]
</properties>
  <testcase name="testEncrypt" classname="com.starburstdata.udfs.encrypt.TestEncrypt" time="1.051">
    <system-err><![CDATA[2021-12-23T01:29:30.540-0600 INFOS LogTestDurationListener enabled: false
2021-12-23T01:29:30.568-0600 INFOS ProgressLoggingListener is disabled!
]]></system-err>
  </testcase>
</testsuite>