<?xml version="1.0" encoding="UTF-8"?>
<testng-results ignored="0" total="1" passed="1" failed="0" skipped="0">
  <reporter-output>
  </reporter-output>
  <suite started-at="2021-12-23T07:29:30Z" name="Surefire suite" finished-at="2021-12-23T07:29:33Z" duration-ms="2616">
    <groups>
    </groups>
    <test started-at="2021-12-23T07:29:30Z" name="Surefire test" finished-at="2021-12-23T07:29:33Z" duration-ms="2616">
      <class name="com.starburstdata.udfs.encrypt.TestEncrypt">
        <test-method is-config="true" signature="initTestFunctions()[pri:0, instance:com.starburstdata.udfs.encrypt.TestEncrypt@6c4980d3]" started-at="2021-12-23T01:29:30Z" name="initTestFunctions" finished-at="2021-12-23T01:29:32Z" duration-ms="1537" status="PASS">
          <reporter-output>
          </reporter-output>
        </test-method> <!-- initTestFunctions -->
        <test-method is-config="true" signature="setUp()[pri:0, instance:com.starburstdata.udfs.encrypt.TestEncrypt@6c4980d3]" started-at="2021-12-23T01:29:32Z" name="setUp" finished-at="2021-12-23T01:29:32Z" duration-ms="4" status="PASS">
          <reporter-output>
          </reporter-output>
        </test-method> <!-- setUp -->
        <test-method signature="testEncrypt()[pri:0, instance:com.starburstdata.udfs.encrypt.TestEncrypt@6c4980d3]" started-at="2021-12-23T01:29:32Z" name="testEncrypt" finished-at="2021-12-23T01:29:33Z" duration-ms="1051" status="PASS">
          <reporter-output>
          </reporter-output>
        </test-method> <!-- testEncrypt -->
        <test-method is-config="true" signature="destroyTestFunctions()[pri:0, instance:com.starburstdata.udfs.encrypt.TestEncrypt@6c4980d3]" started-at="2021-12-23T01:29:33Z" name="destroyTestFunctions" finished-at="2021-12-23T01:29:33Z" duration-ms="2" status="PASS">
          <reporter-output>
          </reporter-output>
        </test-method> <!-- destroyTestFunctions -->
      </class> <!-- com.starburstdata.udfs.encrypt.TestEncrypt -->
    </test> <!-- Surefire test -->
  </suite> <!-- Surefire suite -->
</testng-results>
